# JRE version: OpenJDK Runtime Environment (15.0.1+9) (build 15.0.1+9-18)
# Java VM: OpenJDK 64-Bit Server VM (15.0.1+9-18, mixed mode, tiered, compressed oops, g1 gc, bsd-amd64)
GC Precious Log:
 CPUs: 16 total, 16 available
 Memory: 16384M
 Large Page Support: Disabled
 NUMA Support: Disabled
 Compressed Oops: Enabled (32-bit)
 Heap Region Size: 1M
 Heap Min Capacity: 256M
 Heap Initial Capacity: 256M
 Heap Max Capacity: 2G
 Pre-touch: Disabled
 Parallel Workers: 13
 Concurrent Workers: 3
 Concurrent Refinement Workers: 13
 Periodic GC: Disabled
Heap:
 garbage-first heap   total 445440K, used 269715K [0x0000000080000000, 0x0000000100000000)
  region size 1024K, 33 young (33792K), 11 survivors (11264K)
 Metaspace       used 184579K, capacity 197907K, committed 198256K, reserved 1222656K
  class space    used 20685K, capacity 24876K, committed 24984K, reserved 1048576K
GC Heap History (20 events):
Event: 164.524 GC heap before
{Heap before GC invocations=57 (full 0):
 garbage-first heap   total 445440K, used 333750K [0x0000000080000000, 0x0000000100000000)
  region size 1024K, 102 young (104448K), 6 survivors (6144K)
 Metaspace       used 155679K, capacity 167849K, committed 168176K, reserved 1196032K
  class space    used 17869K, capacity 21634K, committed 21784K, reserved 1048576K
}
Event: 164.532 GC heap after
{Heap after GC invocations=58 (full 0):
 garbage-first heap   total 445440K, used 241266K [0x0000000080000000, 0x0000000100000000)
  region size 1024K, 11 young (11264K), 11 survivors (11264K)
 Metaspace       used 155679K, capacity 167849K, committed 168176K, reserved 1196032K
  class space    used 17869K, capacity 21634K, committed 21784K, reserved 1048576K
}
Event: 177.916 GC heap before
{Heap before GC invocations=59 (full 0):
 garbage-first heap   total 445440K, used 317042K [0x0000000080000000, 0x0000000100000000)
  region size 1024K, 79 young (80896K), 11 survivors (11264K)
 Metaspace       used 159211K, capacity 171553K, committed 172016K, reserved 1200128K
  class space    used 18320K, capacity 22192K, committed 22296K, reserved 1048576K
}
Event: 177.925 GC heap after
{Heap after GC invocations=60 (full 0):
 garbage-first heap   total 445440K, used 246758K [0x0000000080000000, 0x0000000100000000)
  region size 1024K, 10 young (10240K), 10 survivors (10240K)
 Metaspace       used 159211K, capacity 171553K, committed 172016K, reserved 1200128K
  class space    used 18320K, capacity 22192K, committed 22296K, reserved 1048576K
}
Event: 262.733 GC heap before
{Heap before GC invocations=61 (full 0):
 garbage-first heap   total 445440K, used 372710K [0x0000000080000000, 0x0000000100000000)
  region size 1024K, 131 young (134144K), 10 survivors (10240K)
 Metaspace       used 162261K, capacity 174794K, committed 175216K, reserved 1202176K
  class space    used 18584K, capacity 22566K, committed 22680K, reserved 1048576K
}
Event: 262.743 GC heap after
{Heap after GC invocations=62 (full 0):
 garbage-first heap   total 445440K, used 253644K [0x0000000080000000, 0x0000000100000000)
  region size 1024K, 8 young (8192K), 8 survivors (8192K)
 Metaspace       used 162261K, capacity 174794K, committed 175216K, reserved 1202176K
  class space    used 18584K, capacity 22566K, committed 22680K, reserved 1048576K
}
Event: 264.529 GC heap before
{Heap before GC invocations=62 (full 0):
 garbage-first heap   total 445440K, used 266956K [0x0000000080000000, 0x0000000100000000)
  region size 1024K, 21 young (21504K), 8 survivors (8192K)
 Metaspace       used 162354K, capacity 174922K, committed 175216K, reserved 1202176K
  class space    used 18584K, capacity 22566K, committed 22680K, reserved 1048576K
}
Event: 264.571 GC heap after
{Heap after GC invocations=63 (full 0):
 garbage-first heap   total 445440K, used 235096K [0x0000000080000000, 0x0000000100000000)
  region size 1024K, 2 young (2048K), 2 survivors (2048K)
 Metaspace       used 162354K, capacity 174922K, committed 175216K, reserved 1202176K
  class space    used 18584K, capacity 22566K, committed 22680K, reserved 1048576K
}
Event: 368.804 GC heap before
{Heap before GC invocations=63 (full 0):
 garbage-first heap   total 445440K, used 370264K [0x0000000080000000, 0x0000000100000000)
  region size 1024K, 134 young (137216K), 2 survivors (2048K)
 Metaspace       used 168379K, capacity 181209K, committed 181616K, reserved 1208320K
  class space    used 19227K, capacity 23301K, committed 23448K, reserved 1048576K
}
Event: 368.811 GC heap after
{Heap after GC invocations=64 (full 0):
 garbage-first heap   total 445440K, used 239681K [0x0000000080000000, 0x0000000100000000)
  region size 1024K, 7 young (7168K), 7 survivors (7168K)
 Metaspace       used 168379K, capacity 181209K, committed 181616K, reserved 1208320K
  class space    used 19227K, capacity 23301K, committed 23448K, reserved 1048576K
}
Event: 570.772 GC heap before
{Heap before GC invocations=65 (full 0):
 garbage-first heap   total 445440K, used 371777K [0x0000000080000000, 0x0000000100000000)
  region size 1024K, 137 young (140288K), 7 survivors (7168K)
 Metaspace       used 172253K, capacity 184993K, committed 185456K, reserved 1212416K
  class space    used 19535K, capacity 23569K, committed 23704K, reserved 1048576K
}
Event: 570.780 GC heap after
{Heap after GC invocations=66 (full 0):
 garbage-first heap   total 445440K, used 243063K [0x0000000080000000, 0x0000000100000000)
  region size 1024K, 10 young (10240K), 10 survivors (10240K)
 Metaspace       used 172253K, capacity 184993K, committed 185456K, reserved 1212416K
  class space    used 19535K, capacity 23569K, committed 23704K, reserved 1048576K
}
Event: 770.186 GC heap before
{Heap before GC invocations=66 (full 0):
 garbage-first heap   total 445440K, used 375159K [0x0000000080000000, 0x0000000100000000)
  region size 1024K, 140 young (143360K), 10 survivors (10240K)
 Metaspace       used 176164K, capacity 189015K, committed 189552K, reserved 1214464K
  class space    used 19921K, capacity 23927K, committed 23960K, reserved 1048576K
}
Event: 770.199 GC heap after
{Heap after GC invocations=67 (full 0):
 garbage-first heap   total 445440K, used 245256K [0x0000000080000000, 0x0000000100000000)
  region size 1024K, 12 young (12288K), 12 survivors (12288K)
 Metaspace       used 176164K, capacity 189015K, committed 189552K, reserved 1214464K
  class space    used 19921K, capacity 23927K, committed 23960K, reserved 1048576K
}
Event: 784.475 GC heap before
{Heap before GC invocations=68 (full 0):
 garbage-first heap   total 445440K, used 378376K [0x0000000080000000, 0x0000000100000000)
  region size 1024K, 143 young (146432K), 12 survivors (12288K)
 Metaspace       used 176962K, capacity 189932K, committed 190320K, reserved 1216512K
  class space    used 19932K, capacity 23931K, committed 23960K, reserved 1048576K
}
Event: 784.491 GC heap after
{Heap after GC invocations=69 (full 0):
 garbage-first heap   total 445440K, used 244928K [0x0000000080000000, 0x0000000100000000)
  region size 1024K, 7 young (7168K), 7 survivors (7168K)
 Metaspace       used 176962K, capacity 189932K, committed 190320K, reserved 1216512K
  class space    used 19932K, capacity 23931K, committed 23960K, reserved 1048576K
}
Event: 872.094 GC heap before
{Heap before GC invocations=69 (full 0):
 garbage-first heap   total 445440K, used 383168K [0x0000000080000000, 0x0000000100000000)
  region size 1024K, 143 young (146432K), 7 survivors (7168K)
 Metaspace       used 177628K, capacity 190579K, committed 191216K, reserved 1216512K
  class space    used 19968K, capacity 23970K, committed 24088K, reserved 1048576K
}
Event: 872.101 GC heap after
{Heap after GC invocations=70 (full 0):
 garbage-first heap   total 445440K, used 244767K [0x0000000080000000, 0x0000000100000000)
  region size 1024K, 7 young (7168K), 7 survivors (7168K)
 Metaspace       used 177628K, capacity 190579K, committed 191216K, reserved 1216512K
  class space    used 19968K, capacity 23970K, committed 24088K, reserved 1048576K
}
Event: 932.192 GC heap before
{Heap before GC invocations=71 (full 0):
 garbage-first heap   total 445440K, used 385055K [0x0000000080000000, 0x0000000100000000)
  region size 1024K, 145 young (148480K), 7 survivors (7168K)
 Metaspace       used 184240K, capacity 197619K, committed 198000K, reserved 1222656K
  class space    used 20641K, capacity 24844K, committed 24984K, reserved 1048576K
}
Event: 932.214 GC heap after
{Heap after GC invocations=72 (full 0):
 garbage-first heap   total 445440K, used 249235K [0x0000000080000000, 0x0000000100000000)
  region size 1024K, 11 young (11264K), 11 survivors (11264K)
 Metaspace       used 184240K, capacity 197619K, committed 198000K, reserved 1222656K
  class space    used 20641K, capacity 24844K, committed 24984K, reserved 1048576K
}

